<?xml version="1.0" encoding="UTF-8"?>
<!-- Generated by org.testng.reporters.JUnitReportReporter -->
<testsuite hostname="NDI-LAP-446" name="com.tpg.example.TestCase" tests="1" failures="0" timestamp="1 Sep 2015 06:10:57 GMT" time="0.006" errors="0">
  <testcase name="test1" time="0.006" classname="com.tpg.example.TestCase"/>
</testsuite> <!-- com.tpg.example.TestCase -->
